<?xml version="1.0" encoding="UTF-8"?>
<!-- Generated by org.testng.reporters.JUnitReportReporter -->
<testsuite hostname="sohampa-GIFT" failures="0" tests="17" name="regression.home.RegressionLoginAndNavigationTest" time="256.536" errors="1" timestamp="2022-09-30T23:21:06 IST" skipped="0">
  <testcase classname="regression.home.RegressionLoginAndNavigationTest" name="testInventoryPageHeaderTitle" time="12.388"/>
  <system-out/>
  <testcase classname="regression.home.RegressionLoginAndNavigationTest" name="testInvoicePageHeaderTitle" time="12.484"/>
  <system-out/>
  <testcase classname="regression.home.RegressionLoginAndNavigationTest" name="testReportsPageHeaderTitle" time="12.461"/>
  <system-out/>
  <testcase classname="regression.home.RegressionLoginAndNavigationTest" name="testCycleCountsPageHeaderTitle" time="12.168"/>
  <system-out/>
  <testcase classname="regression.home.RegressionLoginAndNavigationTest" name="testWorkOrdersPageHeaderTitle" time="12.968"/>
  <system-out/>
  <testcase classname="regression.home.RegressionLoginAndNavigationTest" name="testHomePageHeaderTitle" time="11.072"/>
  <system-out/>
  <testcase classname="regression.home.RegressionLoginAndNavigationTest" name="testPlanningBoardPageHeaderTitle" time="11.869"/>
  <system-out/>
  <testcase classname="regression.home.RegressionLoginAndNavigationTest" name="testBIPageHeaderTitle" time="26.650"/>
  <system-out/>
  <testcase classname="regression.home.RegressionLoginAndNavigationTest" name="testTransfersPageHeaderTitle" time="12.579"/>
  <system-out/>
  <testcase classname="regression.home.RegressionLoginAndNavigationTest" name="testPurchaseOrdersPageHeaderTitle" time="13.210"/>
  <system-out/>
  <testcase classname="regression.home.RegressionLoginAndNavigationTest" name="testVendorsPageHeaderTitle" time="12.010"/>
  <system-out/>
  <testcase classname="regression.home.RegressionLoginAndNavigationTest" name="testCustomersPageHeaderTitle" time="12.146"/>
  <system-out/>
  <testcase classname="regression.home.RegressionLoginAndNavigationTest" name="testAssetPageHeaderTitle" time="46.625">
    <error message="Expected condition failed: waiting for presence of element located by: By.cssSelector: div.assetPanelHeader (tried for 30 second(s) with 500 milliseconds interval)" type="org.openqa.selenium.TimeoutException">
      <![CDATA[org.openqa.selenium.TimeoutException: Expected condition failed: waiting for presence of element located by: By.cssSelector: div.assetPanelHeader (tried for 30 second(s) with 500 milliseconds interval)
at org.openqa.selenium.support.ui.WebDriverWait.timeoutException(WebDriverWait.java:95)
at org.openqa.selenium.support.ui.FluentWait.until(FluentWait.java:272)
at common.UtilitiesCommon.waitForElementIsPresent(UtilitiesCommon.java:1211)
at page.asset.AssetPage.verifyAssetPageHeaderTitle(AssetPage.java:21)
at regression.home.RegressionLoginAndNavigationTest.testAssetPageHeaderTitle(RegressionLoginAndNavigationTest.java:54)
at java.base/jdk.internal.reflect.NativeMethodAccessorImpl.invoke0(Native Method)
at java.base/jdk.internal.reflect.NativeMethodAccessorImpl.invoke(NativeMethodAccessorImpl.java:77)
at java.base/jdk.internal.reflect.DelegatingMethodAccessorImpl.invoke(DelegatingMethodAccessorImpl.java:43)
at java.base/java.lang.reflect.Method.invoke(Method.java:568)
at org.testng.internal.MethodInvocationHelper.invokeMethod(MethodInvocationHelper.java:133)
at org.testng.internal.TestInvoker.invokeMethod(TestInvoker.java:598)
at org.testng.internal.TestInvoker.invokeTestMethod(TestInvoker.java:173)
at org.testng.internal.MethodRunner.runInSequence(MethodRunner.java:46)
at org.testng.internal.TestInvoker$MethodInvocationAgent.invoke(TestInvoker.java:824)
at org.testng.internal.TestInvoker.invokeTestMethods(TestInvoker.java:146)
at org.testng.internal.TestMethodWorker.invokeTestMethods(TestMethodWorker.java:146)
at org.testng.internal.TestMethodWorker.run(TestMethodWorker.java:128)
at java.base/java.util.ArrayList.forEach(ArrayList.java:1511)
at org.testng.TestRunner.privateRun(TestRunner.java:794)
at org.testng.TestRunner.run(TestRunner.java:596)
at org.testng.SuiteRunner.runTest(SuiteRunner.java:377)
at org.testng.SuiteRunner.runSequentially(SuiteRunner.java:371)
at org.testng.SuiteRunner.privateRun(SuiteRunner.java:332)
at org.testng.SuiteRunner.run(SuiteRunner.java:276)
at org.testng.SuiteRunnerWorker.runSuite(SuiteRunnerWorker.java:53)
at org.testng.SuiteRunnerWorker.run(SuiteRunnerWorker.java:96)
at org.testng.TestNG.runSuitesSequentially(TestNG.java:1212)
at org.testng.TestNG.runSuitesLocally(TestNG.java:1134)
at org.testng.TestNG.runSuites(TestNG.java:1063)
at org.testng.TestNG.run(TestNG.java:1031)
at org.testng.remote.AbstractRemoteTestNG.run(AbstractRemoteTestNG.java:115)
at org.testng.remote.RemoteTestNG.initAndRun(RemoteTestNG.java:251)
at org.testng.remote.RemoteTestNG.main(RemoteTestNG.java:77)
Caused by: org.openqa.selenium.NoSuchElementException: no such element: Unable to locate element: {"method":"css selector","selector":"div.assetPanelHeader"}
  (Session info: chrome=105.0.5195.127)
For documentation on this error, please visit: https://www.seleniumhq.org/exceptions/no_such_element.html
Build info: version: '3.141.59', revision: 'e82be7d358', time: '2018-11-14T08:17:03'
System info: host: 'SOHAMPA-GIFT', ip: '172.26.20.25', os.name: 'Windows 11', os.arch: 'amd64', os.version: '10.0', java.version: '17.0.3'
Driver info: org.openqa.selenium.chrome.ChromeDriver
Capabilities {acceptInsecureCerts: false, browserName: chrome, browserVersion: 105.0.5195.127, chrome: {chromedriverVersion: 105.0.5195.52 (412c95e51883..., userDataDir: C:\Users\sohamp\AppData\Loc...}, goog:chromeOptions: {debuggerAddress: localhost:49618}, javascriptEnabled: true, networkConnectionEnabled: false, pageLoadStrategy: normal, platform: WINDOWS, platformName: WINDOWS, proxy: Proxy(), setWindowRect: true, strictFileInteractability: false, timeouts: {implicit: 0, pageLoad: 300000, script: 30000}, unhandledPromptBehavior: dismiss and notify, webauthn:extension:credBlob: true, webauthn:extension:largeBlob: true, webauthn:virtualAuthenticators: true}
Session ID: 4363852f70970b66cf7d923bf2010fb8
*** Element info: {Using=css selector, value=div.assetPanelHeader}
at java.base/jdk.internal.reflect.NativeConstructorAccessorImpl.newInstance0(Native Method)
at java.base/jdk.internal.reflect.NativeConstructorAccessorImpl.newInstance(NativeConstructorAccessorImpl.java:77)
at java.base/jdk.internal.reflect.DelegatingConstructorAccessorImpl.newInstance(DelegatingConstructorAccessorImpl.java:45)
at java.base/java.lang.reflect.Constructor.newInstanceWithCaller(Constructor.java:499)
at java.base/java.lang.reflect.Constructor.newInstance(Constructor.java:480)
at org.openqa.selenium.remote.http.W3CHttpResponseCodec.createException(W3CHttpResponseCodec.java:187)
at org.openqa.selenium.remote.http.W3CHttpResponseCodec.decode(W3CHttpResponseCodec.java:122)
at org.openqa.selenium.remote.http.W3CHttpResponseCodec.decode(W3CHttpResponseCodec.java:49)
at org.openqa.selenium.remote.HttpCommandExecutor.execute(HttpCommandExecutor.java:158)
at org.openqa.selenium.remote.service.DriverCommandExecutor.execute(DriverCommandExecutor.java:83)
at org.openqa.selenium.remote.RemoteWebDriver.execute(RemoteWebDriver.java:552)
at org.openqa.selenium.remote.RemoteWebDriver.findElement(RemoteWebDriver.java:323)
at org.openqa.selenium.remote.RemoteWebDriver.findElementByCssSelector(RemoteWebDriver.java:420)
at org.openqa.selenium.By$ByCssSelector.findElement(By.java:431)
at org.openqa.selenium.remote.RemoteWebDriver.findElement(RemoteWebDriver.java:315)
at org.openqa.selenium.support.ui.ExpectedConditions$6.apply(ExpectedConditions.java:182)
at org.openqa.selenium.support.ui.ExpectedConditions$6.apply(ExpectedConditions.java:179)
at org.openqa.selenium.support.ui.FluentWait.until(FluentWait.java:249)
... 31 more
]]>
    </error>
  </testcase> <!-- testAssetPageHeaderTitle -->
  <system-out/>
  <testcase classname="regression.home.RegressionLoginAndNavigationTest" name="testRequestManagementPageHeaderTitle" time="11.945"/>
  <system-out/>
  <testcase classname="regression.home.RegressionLoginAndNavigationTest" name="testInspectionsPageHeaderTitle" time="12.398"/>
  <system-out/>
  <testcase classname="regression.home.RegressionLoginAndNavigationTest" name="testPMSPageHeaderTitle" time="11.871"/>
  <system-out/>
  <testcase classname="regression.home.RegressionLoginAndNavigationTest" name="testSettingsPageHeaderTitle" time="11.692"/>
  <system-out/>
</testsuite> <!-- regression.home.RegressionLoginAndNavigationTest -->
